# returncode=0 timed_out=False elapsed=1.9228s
--- stdout ---
Loading dataset from: /Users/boris/Desktop/ucas-widening-participation/Iteration0/input_files/data/wp_all_characteristics.csv

Total rows loaded: 666
Clean rows: 624 | Unknown/Excluded rows: 42

--- COHORT SPARSITY CHECK (by breakdown_topic) ---
                     min_cohort_size  median_cohort_size  max_cohort_size  total_records
breakdown_topic                                                                         
Ethnicity Minor                  111              6895.5           491409            252
First Language                   717             71512.5           544253             42
Looked After Status             3490            262065.0           599140             28
Ethnicity Major                 5060             27081.5           507346             70
Children in Need               14630            262365.0           557490             16
SEN Provision                  19918             90827.0           486450             42
FSM Status                     66690            271413.5           525143             28
SEN Status                     73976            287649.5           486450             28
POLAR                         102400            111834.0           127816             70
Disadvantage                  133844            270846.5           442470             20
Sex                           256901            283633.5           306284             28

Flagged high-volatility topics (median cohort < 5000): []

Calculating Wilson Score CIs for progression rates...
Calculating Conversion Ratio and propagated uncertainty bounds...

Saved processed clean dataset: data/wp_processed_clean.csv
Schema: ['time_period', 'time_identifier', 'geographic_level', 'country_code', 'country_name', 'breakdown_topic', 'breakdown', 'progression_rate', 'high_tariff_progression_rate', 'number_of_he_students', 'number_of_high_tariff_he_students', 'number_of_students', 'year', 'academic_cycle', 'progression_rate_low', 'progression_rate_high', 'high_tariff_progression_rate_low', 'high_tariff_progression_rate_high', 'conversion_ratio', 'conversion_ratio_low', 'conversion_ratio_high']
Saved unknown categories validation set: data/wp_unknown_validation.csv

Saved POLAR gap trend metrics: data/polar_gap_trends.csv
Schema: ['year', 'academic_cycle', 'q1_overall_rate', 'q5_overall_rate', 'q1_ht_rate', 'q5_ht_rate', 'abs_gap', 'abs_low', 'abs_high', 'rel_ratio', 'rel_low', 'rel_high', 'high_tariff_abs_gap', 'high_tariff_abs_low', 'high_tariff_abs_high', 'high_tariff_rel_ratio', 'high_tariff_rel_low', 'high_tariff_rel_high']

--- SUMMARY OF POLAR PROGRESSION GAPS (Q5 - Q1) OVER TIME ---
academic_cycle  abs_gap   abs_low  abs_high  rel_ratio  high_tariff_abs_gap  high_tariff_abs_low  high_tariff_abs_high  high_tariff_rel_ratio
       2009/10     33.3 32.936251 33.663749   2.850000                 17.3            17.043336             17.556664               6.580645
       2010/11     33.6 33.235590 33.964410   2.768421                 17.3            17.045240             17.554760               6.766667
       2011/12     34.1 33.734496 34.465504   2.739796                 17.8            17.540785             18.059215               6.393939
       2012/13     33.8 33.426544 34.173456   2.665025                 16.3            16.046681             16.553319               6.620690
       2013/14     31.7 31.324312 32.075688   2.488263                 17.3            17.040030             17.559970               6.242424
       2014/15     32.6 32.217481 32.982519   2.411255                 18.5            18.227832             18.772168               5.743590
       2015/16     31.8 31.412644 32.187356   2.277108                 17.8            17.529727             18.070273               5.564103
       2016/17     31.6 31.215225 31.984775   2.239216                 18.1            17.828404             18.371596               5.309524
       2017/18     31.5 31.109556 31.890444   2.193182                 18.4            18.121862             18.678138               5.000000
       2018/19     30.5 30.105919 30.894081   2.117216                 18.0            17.722299             18.277701               4.913043
       2019/20     30.4 30.000346 30.799654   2.089606                 18.2            17.915236             18.484764               4.640000
       2020/21     29.7 29.294175 30.105825   2.006780                 17.8            17.514372             18.085628               4.560000
       2021/22     30.1 29.690415 30.509585   1.949527                 18.1            17.805650             18.394350               4.175439
       2022/23     30.4 29.998712 30.801288   1.958991                 19.7            19.395554             20.004446               3.774648

--- stderr ---

